<?xml version="1.0" encoding="UTF-8" ?>
<testsuite errors="0" failures="0" hostname="localhost" name="com.testing.YahooTest" skipped="0" tests="1" time="32.185" timestamp="2016-02-10T00:19:20">
  <properties>
    <property name="java.vendor" value="Oracle Corporation" />
    <property name="sun.java.launcher" value="SUN_STANDARD" />
    <property name="sun.management.compiler" value="HotSpot 64-Bit Tiered Compilers" />
    <property name="test.reportsDir" value="C:\maven\MyMavenProject/rep" />
    <property name="os.name" value="Windows 8.1" />
    <property name="sun.boot.class.path" value="C:\Program Files\Java\jdk1.8.0_66\jre\lib\resources.jar;C:\Program Files\Java\jdk1.8.0_66\jre\lib\rt.jar;C:\Program Files\Java\jdk1.8.0_66\jre\lib\sunrsasign.jar;C:\Program Files\Java\jdk1.8.0_66\jre\lib\jsse.jar;C:\Program Files\Java\jdk1.8.0_66\jre\lib\jce.jar;C:\Program Files\Java\jdk1.8.0_66\jre\lib\charsets.jar;C:\Program Files\Java\jdk1.8.0_66\jre\lib\jfr.jar;C:\Program Files\Java\jdk1.8.0_66\jre\classes" />
    <property name="ws.home" value="C:\maven\MyMavenProject" />
    <property name="sun.desktop" value="windows" />
    <property name="java.vm.specification.vendor" value="Oracle Corporation" />
    <property name="ant.home" value="C:\apache-ant-1.9.3" />
    <property name="java.runtime.version" value="1.8.0_66-b18" />
    <property name="test.classpath" value="C:\Users\Sandhya\.m2\repository\antlr\antlr\2.7.7\antlr-2.7.7.jar:C:\Users\Sandhya\.m2\repository\aopalliance\aopalliance\1.0\aopalliance-1.0.jar:C:\Users\Sandhya\.m2\repository\asm\asm-analysis\3.2\asm-analysis-3.2.jar:C:\Users\Sandhya\.m2\repository\asm\asm-commons\3.2\asm-commons-3.2.jar:C:\Users\Sandhya\.m2\repository\asm\asm-tree\3.2\asm-tree-3.2.jar:C:\Users\Sandhya\.m2\repository\asm\asm-util\3.2\asm-util-3.2.jar:C:\Users\Sandhya\.m2\repository\asm\asm\3.2\asm-3.2.jar:C:\Users\Sandhya\.m2\repository\backport-util-concurrent\backport-util-concurrent\3.1\backport-util-concurrent-3.1.jar:C:\Users\Sandhya\.m2\repository\biz\aQute\bndlib\0.0.145\bndlib-0.0.145.jar:C:\Users\Sandhya\.m2\repository\cglib\cglib-nodep\2.1_3\cglib-nodep-2.1_3.jar:C:\Users\Sandhya\.m2\repository\classworlds\classworlds\1.1-alpha-2\classworlds-1.1-alpha-2.jar:C:\Users\Sandhya\.m2\repository\classworlds\classworlds\1.1\classworlds-1.1.jar:C:\Users\Sandhya\.m2\repository\com\beust\jcommander\1.48\jcommander-1.48.jar:C:\Users\Sandhya\.m2\repository\com\google\code\findbugs\jsr305\2.0.1\jsr305-2.0.1.jar:C:\Users\Sandhya\.m2\repository\com\google\code\gson\gson\2.3.1\gson-2.3.1.jar:C:\Users\Sandhya\.m2\repository\com\google\guava\guava\19.0\guava-19.0.jar:C:\Users\Sandhya\.m2\repository\com\thoughtworks\xstream\xstream\1.3.1\xstream-1.3.1.jar:C:\Users\Sandhya\.m2\repository\commons-cli\commons-cli\1.0\commons-cli-1.0.jar:C:\Users\Sandhya\.m2\repository\commons-cli\commons-cli\1.2\commons-cli-1.2.jar:C:\Users\Sandhya\.m2\repository\commons-codec\commons-codec\1.10\commons-codec-1.10.jar:C:\Users\Sandhya\.m2\repository\commons-collections\commons-collections\3.2.1\commons-collections-3.2.1.jar:C:\Users\Sandhya\.m2\repository\commons-collections\commons-collections\3.2.2\commons-collections-3.2.2.jar:C:\Users\Sandhya\.m2\repository\commons-io\commons-io\2.2\commons-io-2.2.jar:C:\Users\Sandhya\.m2\repository\commons-io\commons-io\2.4\commons-io-2.4.jar:C:\Users\Sandhya\.m2\repository\commons-lang\commons-lang\2.1\commons-lang-2.1.jar:C:\Users\Sandhya\.m2\repository\commons-logging\commons-logging-api\1.1\commons-logging-api-1.1.jar:C:\Users\Sandhya\.m2\repository\commons-logging\commons-logging\1.2\commons-logging-1.2.jar:C:\Users\Sandhya\.m2\repository\dom4j\dom4j\1.6.1\dom4j-1.6.1.jar:C:\Users\Sandhya\.m2\repository\io\netty\netty\3.5.2.Final\netty-3.5.2.Final.jar:C:\Users\Sandhya\.m2\repository\javax\inject\javax.inject\1\javax.inject-1.jar:C:\Users\Sandhya\.m2\repository\javax\servlet\javax.servlet-api\3.1.0\javax.servlet-api-3.1.0.jar:C:\Users\Sandhya\.m2\repository\javax\servlet\jsp\jsp-api\2.1\jsp-api-2.1.jar:C:\Users\Sandhya\.m2\repository\javax\servlet\jstl\1.2\jstl-1.2.jar:C:\Users\Sandhya\.m2\repository\javax\servlet\servlet-api\2.5\servlet-api-2.5.jar:C:\Users\Sandhya\.m2\repository\jdom\jdom\1.0\jdom-1.0.jar:C:\Users\Sandhya\.m2\repository\jline\jline\0.9.1\jline-0.9.1.jar:C:\Users\Sandhya\.m2\repository\junit\junit\3.8.1\junit-3.8.1.jar:C:\Users\Sandhya\.m2\repository\junit\junit\3.8.2\junit-3.8.2.jar:C:\Users\Sandhya\.m2\repository\junit\junit\4.7\junit-4.7.jar:C:\Users\Sandhya\.m2\repository\junit\junit\4.8.2\junit-4.8.2.jar:C:\Users\Sandhya\.m2\repository\log4j\log4j\1.2.12\log4j-1.2.12.jar:C:\Users\Sandhya\.m2\repository\log4j\log4j\1.2.15\log4j-1.2.15.jar:C:\Users\Sandhya\.m2\repository\mx4j\mx4j-tools\3.0.1\mx4j-tools-3.0.1.jar:C:\Users\Sandhya\.m2\repository\net\java\dev\jna\jna-platform\4.1.0\jna-platform-4.1.0.jar:C:\Users\Sandhya\.m2\repository\net\java\dev\jna\jna\4.1.0\jna-4.1.0.jar:C:\Users\Sandhya\.m2\repository\net\jcip\jcip-annotations\1.0\jcip-annotations-1.0.jar:C:\Users\Sandhya\.m2\repository\net\sourceforge\cssparser\cssparser\0.9.16\cssparser-0.9.16.jar:C:\Users\Sandhya\.m2\repository\net\sourceforge\htmlunit\htmlunit-core-js\2.17\htmlunit-core-js-2.17.jar:C:\Users\Sandhya\.m2\repository\net\sourceforge\htmlunit\htmlunit\2.18\htmlunit-2.18.jar:C:\Users\Sandhya\.m2\repository\net\sourceforge\jchardet\jchardet\1.0\jchardet-1.0.jar:C:\Users\Sandhya\.m2\repository\net\sourceforge\nekohtml\nekohtml\1.9.22\nekohtml-1.9.22.jar:C:\Users\Sandhya\.m2\repository\org\apache\ant\ant-launcher\1.9.4\ant-launcher-1.9.4.jar:C:\Users\Sandhya\.m2\repository\org\apache\ant\ant\1.8.1\ant-1.8.1.jar:C:\Users\Sandhya\.m2\repository\org\apache\ant\ant\1.9.4\ant-1.9.4.jar:C:\Users\Sandhya\.m2\repository\org\apache\commons\commons-compress\1.8.1\commons-compress-1.8.1.jar:C:\Users\Sandhya\.m2\repository\org\apache\commons\commons-exec\1.3\commons-exec-1.3.jar:C:\Users\Sandhya\.m2\repository\org\apache\commons\commons-lang3\3.1\commons-lang3-3.1.jar:C:\Users\Sandhya\.m2\repository\org\apache\commons\commons-lang3\3.4\commons-lang3-3.4.jar:C:\Users\Sandhya\.m2\repository\org\apache\httpcomponents\httpclient\4.5.1\httpclient-4.5.1.jar:C:\Users\Sandhya\.m2\repository\org\apache\httpcomponents\httpcore\4.4.3\httpcore-4.4.3.jar:C:\Users\Sandhya\.m2\repository\org\apache\httpcomponents\httpmime\4.5\httpmime-4.5.jar:C:\Users\Sandhya\.m2\repository\org\apache\maven\archetype\archetype-catalog\2.4\archetype-catalog-2.4.jar:C:\Users\Sandhya\.m2\repository\org\apache\maven\archetype\archetype-common\2.4\archetype-common-2.4.jar:C:\Users\Sandhya\.m2\repository\org\apache\maven\archetype\archetype-descriptor\2.4\archetype-descriptor-2.4.jar:C:\Users\Sandhya\.m2\repository\org\apache\maven\archetype\archetype-registry\2.4\archetype-registry-2.4.jar:C:\Users\Sandhya\.m2\repository\org\apache\maven\archetypes\maven-archetype-quickstart\1.1\maven-archetype-quickstart-1.1.jar:C:\Users\Sandhya\.m2\repository\org\apache\maven\doxia\doxia-logging-api\1.1\doxia-logging-api-1.1.jar:C:\Users\Sandhya\.m2\repository\org\apache\maven\doxia\doxia-sink-api\1.0-alpha-7\doxia-sink-api-1.0-alpha-7.jar:C:\Users\Sandhya\.m2\repository\org\apache\maven\doxia\doxia-sink-api\1.1\doxia-sink-api-1.1.jar:C:\Users\Sandhya\.m2\repository\org\apache\maven\maven-archiver\2.5\maven-archiver-2.5.jar:C:\Users\Sandhya\.m2\repository\org\apache\maven\maven-artifact-manager\2.0.6\maven-artifact-manager-2.0.6.jar:C:\Users\Sandhya\.m2\repository\org\apache\maven\maven-artifact-manager\2.0.9\maven-artifact-manager-2.0.9.jar:C:\Users\Sandhya\.m2\repository\org\apache\maven\maven-artifact-manager\2.2.1\maven-artifact-manager-2.2.1.jar:C:\Users\Sandhya\.m2\repository\org\apache\maven\maven-artifact\2.0.6\maven-artifact-2.0.6.jar:C:\Users\Sandhya\.m2\repository\org\apache\maven\maven-artifact\2.0.9\maven-artifact-2.0.9.jar:C:\Users\Sandhya\.m2\repository\org\apache\maven\maven-artifact\2.2.1\maven-artifact-2.2.1.jar:C:\Users\Sandhya\.m2\repository\org\apache\maven\maven-core\2.0.6\maven-core-2.0.6.jar:C:\Users\Sandhya\.m2\repository\org\apache\maven\maven-core\2.0.9\maven-core-2.0.9.jar:C:\Users\Sandhya\.m2\repository\org\apache\maven\maven-core\2.2.1\maven-core-2.2.1.jar:C:\Users\Sandhya\.m2\repository\org\apache\maven\maven-error-diagnostics\2.0.6\maven-error-diagnostics-2.0.6.jar:C:\Users\Sandhya\.m2\repository\org\apache\maven\maven-error-diagnostics\2.0.9\maven-error-diagnostics-2.0.9.jar:C:\Users\Sandhya\.m2\repository\org\apache\maven\maven-error-diagnostics\2.2.1\maven-error-diagnostics-2.2.1.jar:C:\Users\Sandhya\.m2\repository\org\apache\maven\maven-model\2.0.6\maven-model-2.0.6.jar:C:\Users\Sandhya\.m2\repository\org\apache\maven\maven-model\2.0.9\maven-model-2.0.9.jar:C:\Users\Sandhya\.m2\repository\org\apache\maven\maven-model\2.2.1\maven-model-2.2.1.jar:C:\Users\Sandhya\.m2\repository\org\apache\maven\maven-monitor\2.0.6\maven-monitor-2.0.6.jar:C:\Users\Sandhya\.m2\repository\org\apache\maven\maven-monitor\2.0.9\maven-monitor-2.0.9.jar:C:\Users\Sandhya\.m2\repository\org\apache\maven\maven-monitor\2.2.1\maven-monitor-2.2.1.jar:C:\Users\Sandhya\.m2\repository\org\apache\maven\maven-plugin-api\2.0.6\maven-plugin-api-2.0.6.jar:C:\Users\Sandhya\.m2\repository\org\apache\maven\maven-plugin-api\2.0.9\maven-plugin-api-2.0.9.jar:C:\Users\Sandhya\.m2\repository\org\apache\maven\maven-plugin-api\2.2.1\maven-plugin-api-2.2.1.jar:C:\Users\Sandhya\.m2\repository\org\apache\maven\maven-plugin-descriptor\2.0.6\maven-plugin-descriptor-2.0.6.jar:C:\Users\Sandhya\.m2\repository\org\apache\maven\maven-plugin-descriptor\2.0.9\maven-plugin-descriptor-2.0.9.jar:C:\Users\Sandhya\.m2\repository\org\apache\maven\maven-plugin-descriptor\2.2.1\maven-plugin-descriptor-2.2.1.jar:C:\Users\Sandhya\.m2\repository\org\apache\maven\maven-plugin-parameter-documenter\2.0.6\maven-plugin-parameter-documenter-2.0.6.jar:C:\Users\Sandhya\.m2\repository\org\apache\maven\maven-plugin-parameter-documenter\2.0.9\maven-plugin-parameter-documenter-2.0.9.jar:C:\Users\Sandhya\.m2\repository\org\apache\maven\maven-plugin-parameter-documenter\2.2.1\maven-plugin-parameter-documenter-2.2.1.jar:C:\Users\Sandhya\.m2\repository\org\apache\maven\maven-plugin-registry\2.0.6\maven-plugin-registry-2.0.6.jar:C:\Users\Sandhya\.m2\repository\org\apache\maven\maven-plugin-registry\2.0.9\maven-plugin-registry-2.0.9.jar:C:\Users\Sandhya\.m2\repository\org\apache\maven\maven-plugin-registry\2.2.1\maven-plugin-registry-2.2.1.jar:C:\Users\Sandhya\.m2\repository\org\apache\maven\maven-profile\2.0.6\maven-profile-2.0.6.jar:C:\Users\Sandhya\.m2\repository\org\apache\maven\maven-profile\2.0.9\maven-profile-2.0.9.jar:C:\Users\Sandhya\.m2\repository\org\apache\maven\maven-profile\2.2.1\maven-profile-2.2.1.jar:C:\Users\Sandhya\.m2\repository\org\apache\maven\maven-project\2.0.6\maven-project-2.0.6.jar:C:\Users\Sandhya\.m2\repository\org\apache\maven\maven-project\2.0.9\maven-project-2.0.9.jar:C:\Users\Sandhya\.m2\repository\org\apache\maven\maven-project\2.2.1\maven-project-2.2.1.jar:C:\Users\Sandhya\.m2\repository\org\apache\maven\maven-repository-metadata\2.0.6\maven-repository-metadata-2.0.6.jar:C:\Users\Sandhya\.m2\repository\org\apache\maven\maven-repository-metadata\2.0.9\maven-repository-metadata-2.0.9.jar:C:\Users\Sandhya\.m2\repository\org\apache\maven\maven-repository-metadata\2.2.1\maven-repository-metadata-2.2.1.jar:C:\Users\Sandhya\.m2\repository\org\apache\maven\maven-settings\2.0.6\maven-settings-2.0.6.jar:C:\Users\Sandhya\.m2\repository\org\apache\maven\maven-settings\2.0.9\maven-settings-2.0.9.jar:C:\Users\Sandhya\.m2\repository\org\apache\maven\maven-settings\2.2.1\maven-settings-2.2.1.jar:C:\Users\Sandhya\.m2\repository\org\apache\maven\maven-toolchain\1.0\maven-toolchain-1.0.jar:C:\Users\Sandhya\.m2\repository\org\apache\maven\maven-toolchain\2.0.9\maven-toolchain-2.0.9.jar:C:\Users\Sandhya\.m2\repository\org\apache\maven\plugin-tools\maven-plugin-annotations\3.1\maven-plugin-annotations-3.1.jar:C:\Users\Sandhya\.m2\repository\org\apache\maven\plugins\maven-antrun-plugin\1.3\maven-antrun-plugin-1.3.jar:C:\Users\Sandhya\.m2\repository\org\apache\maven\plugins\maven-antrun-plugin\1.8\maven-antrun-plugin-1.8.jar:C:\Users\Sandhya\.m2\repository\org\apache\maven\plugins\maven-archetype-plugin\2.4\maven-archetype-plugin-2.4.jar:C:\Users\Sandhya\.m2\repository\org\apache\maven\plugins\maven-assembly-plugin\2.2-beta-5\maven-assembly-plugin-2.2-beta-5.jar:C:\Users\Sandhya\.m2\repository\org\apache\maven\plugins\maven-clean-plugin\2.5\maven-clean-plugin-2.5.jar:C:\Users\Sandhya\.m2\repository\org\apache\maven\plugins\maven-compiler-plugin\2.3.2\maven-compiler-plugin-2.3.2.jar:C:\Users\Sandhya\.m2\repository\org\apache\maven\plugins\maven-compiler-plugin\2.5.1\maven-compiler-plugin-2.5.1.jar:C:\Users\Sandhya\.m2\repository\org\apache\maven\plugins\maven-compiler-plugin\3.1\maven-compiler-plugin-3.1.jar:C:\Users\Sandhya\.m2\repository\org\apache\maven\plugins\maven-dependency-plugin\2.8\maven-dependency-plugin-2.8.jar:C:\Users\Sandhya\.m2\repository\org\apache\maven\plugins\maven-deploy-plugin\2.7\maven-deploy-plugin-2.7.jar:C:\Users\Sandhya\.m2\repository\org\apache\maven\plugins\maven-eclipse-plugin\2.10\maven-eclipse-plugin-2.10.jar:C:\Users\Sandhya\.m2\repository\org\apache\maven\plugins\maven-eclipse-plugin\2.9\maven-eclipse-plugin-2.9.jar:C:\Users\Sandhya\.m2\repository\org\apache\maven\plugins\maven-install-plugin\2.4\maven-install-plugin-2.4.jar:C:\Users\Sandhya\.m2\repository\org\apache\maven\plugins\maven-jar-plugin\2.4\maven-jar-plugin-2.4.jar:C:\Users\Sandhya\.m2\repository\org\apache\maven\plugins\maven-release-plugin\2.3.2\maven-release-plugin-2.3.2.jar:C:\Users\Sandhya\.m2\repository\org\apache\maven\plugins\maven-resources-plugin\2.5\maven-resources-plugin-2.5.jar:C:\Users\Sandhya\.m2\repository\org\apache\maven\plugins\maven-resources-plugin\2.6\maven-resources-plugin-2.6.jar:C:\Users\Sandhya\.m2\repository\org\apache\maven\plugins\maven-site-plugin\3.3\maven-site-plugin-3.3.jar:C:\Users\Sandhya\.m2\repository\org\apache\maven\plugins\maven-surefire-plugin\2.12.4\maven-surefire-plugin-2.12.4.jar:C:\Users\Sandhya\.m2\repository\org\apache\maven\plugins\maven-war-plugin\2.2\maven-war-plugin-2.2.jar:C:\Users\Sandhya\.m2\repository\org\apache\maven\reporting\maven-reporting-api\2.0.6\maven-reporting-api-2.0.6.jar:C:\Users\Sandhya\.m2\repository\org\apache\maven\reporting\maven-reporting-api\2.0.9\maven-reporting-api-2.0.9.jar:C:\Users\Sandhya\.m2\repository\org\apache\maven\reporting\maven-reporting-api\2.2.1\maven-reporting-api-2.2.1.jar:C:\Users\Sandhya\.m2\repository\org\apache\maven\shared\maven-common-artifact-filters\1.3\maven-common-artifact-filters-1.3.jar:C:\Users\Sandhya\.m2\repository\org\apache\maven\shared\maven-filtering\1.0-beta-2\maven-filtering-1.0-beta-2.jar:C:\Users\Sandhya\.m2\repository\org\apache\maven\shared\maven-filtering\1.0\maven-filtering-1.0.jar:C:\Users\Sandhya\.m2\repository\org\apache\maven\shared\maven-filtering\1.1\maven-filtering-1.1.jar:C:\Users\Sandhya\.m2\repository\org\apache\maven\shared\maven-invoker\2.1.1\maven-invoker-2.1.1.jar:C:\Users\Sandhya\.m2\repository\org\apache\maven\shared\maven-osgi\0.2.0\maven-osgi-0.2.0.jar:C:\Users\Sandhya\.m2\repository\org\apache\maven\shared\maven-script-interpreter\1.0\maven-script-interpreter-1.0.jar:C:\Users\Sandhya\.m2\repository\org\apache\maven\shared\maven-shared-incremental\1.1\maven-shared-incremental-1.1.jar:C:\Users\Sandhya\.m2\repository\org\apache\maven\shared\maven-shared-utils\0.1\maven-shared-utils-0.1.jar:C:\Users\Sandhya\.m2\repository\org\apache\maven\surefire\maven-surefire-common\2.12.4\maven-surefire-common-2.12.4.jar:C:\Users\Sandhya\.m2\repository\org\apache\maven\surefire\surefire-api\2.12.4\surefire-api-2.12.4.jar:C:\Users\Sandhya\.m2\repository\org\apache\maven\surefire\surefire-booter\2.12.4\surefire-booter-2.12.4.jar:C:\Users\Sandhya\.m2\repository\org\apache\maven\surefire\surefire-junit4\2.12.4\surefire-junit4-2.12.4.jar:C:\Users\Sandhya\.m2\repository\org\apache\maven\wagon\wagon-provider-api\2.1\wagon-provider-api-2.1.jar:C:\Users\Sandhya\.m2\repository\org\apache\velocity\velocity\1.5\velocity-1.5.jar:C:\Users\Sandhya\.m2\repository\org\apache\xbean\xbean-reflect\3.4\xbean-reflect-3.4.jar:C:\Users\Sandhya\.m2\repository\org\aspectj\aspectjrt\1.6.10\aspectjrt-1.6.10.jar:C:\Users\Sandhya\.m2\repository\org\beanshell\bsh\2.0b4\bsh-2.0b4.jar:C:\Users\Sandhya\.m2\repository\org\bouncycastle\bcpkix-jdk15on\1.48\bcpkix-jdk15on-1.48.jar:C:\Users\Sandhya\.m2\repository\org\bouncycastle\bcprov-jdk15on\1.48\bcprov-jdk15on-1.48.jar:C:\Users\Sandhya\.m2\repository\org\codehaus\groovy\groovy\1.8.3\groovy-1.8.3.jar:C:\Users\Sandhya\.m2\repository\org\codehaus\mojo\exec-maven-plugin\1.2.1\exec-maven-plugin-1.2.1.jar:C:\Users\Sandhya\.m2\repository\org\codehaus\plexus\plexus-archiver\2.1\plexus-archiver-2.1.jar:C:\Users\Sandhya\.m2\repository\org\codehaus\plexus\plexus-archiver\2.6.3\plexus-archiver-2.6.3.jar:C:\Users\Sandhya\.m2\repository\org\codehaus\plexus\plexus-classworlds\1.2-alpha-7\plexus-classworlds-1.2-alpha-7.jar:C:\Users\Sandhya\.m2\repository\org\codehaus\plexus\plexus-classworlds\2.2.2\plexus-classworlds-2.2.2.jar:C:\Users\Sandhya\.m2\repository\org\codehaus\plexus\plexus-compiler-api\1.8.1\plexus-compiler-api-1.8.1.jar:C:\Users\Sandhya\.m2\repository\org\codehaus\plexus\plexus-compiler-api\1.9.1\plexus-compiler-api-1.9.1.jar:C:\Users\Sandhya\.m2\repository\org\codehaus\plexus\plexus-compiler-api\2.2\plexus-compiler-api-2.2.jar:C:\Users\Sandhya\.m2\repository\org\codehaus\plexus\plexus-compiler-javac\1.8.1\plexus-compiler-javac-1.8.1.jar:C:\Users\Sandhya\.m2\repository\org\codehaus\plexus\plexus-compiler-javac\1.9.1\plexus-compiler-javac-1.9.1.jar:C:\Users\Sandhya\.m2\repository\org\codehaus\plexus\plexus-compiler-javac\2.2\plexus-compiler-javac-2.2.jar:C:\Users\Sandhya\.m2\repository\org\codehaus\plexus\plexus-compiler-manager\1.8.1\plexus-compiler-manager-1.8.1.jar:C:\Users\Sandhya\.m2\repository\org\codehaus\plexus\plexus-compiler-manager\1.9.1\plexus-compiler-manager-1.9.1.jar:C:\Users\Sandhya\.m2\repository\org\codehaus\plexus\plexus-compiler-manager\2.2\plexus-compiler-manager-2.2.jar:C:\Users\Sandhya\.m2\repository\org\codehaus\plexus\plexus-component-annotations\1.5.5\plexus-component-annotations-1.5.5.jar:C:\Users\Sandhya\.m2\repository\org\codehaus\plexus\plexus-component-api\1.0-alpha-16\plexus-component-api-1.0-alpha-16.jar:C:\Users\Sandhya\.m2\repository\org\codehaus\plexus\plexus-container-default\1.0-alpha-9-stable-1\plexus-container-default-1.0-alpha-9-stable-1.jar:C:\Users\Sandhya\.m2\repository\org\codehaus\plexus\plexus-container-default\1.5.5\plexus-container-default-1.5.5.jar:C:\Users\Sandhya\.m2\repository\org\codehaus\plexus\plexus-interactivity-api\1.0-alpha-4\plexus-interactivity-api-1.0-alpha-4.jar:C:\Users\Sandhya\.m2\repository\org\codehaus\plexus\plexus-interactivity-api\1.0-alpha-6\plexus-interactivity-api-1.0-alpha-6.jar:C:\Users\Sandhya\.m2\repository\org\codehaus\plexus\plexus-interactivity-jline\1.0-alpha-5\plexus-interactivity-jline-1.0-alpha-5.jar:C:\Users\Sandhya\.m2\repository\org\codehaus\plexus\plexus-interpolation\1.11\plexus-interpolation-1.11.jar:C:\Users\Sandhya\.m2\repository\org\codehaus\plexus\plexus-interpolation\1.13\plexus-interpolation-1.13.jar:C:\Users\Sandhya\.m2\repository\org\codehaus\plexus\plexus-interpolation\1.15\plexus-interpolation-1.15.jar:C:\Users\Sandhya\.m2\repository\org\codehaus\plexus\plexus-io\2.0.2\plexus-io-2.0.2.jar:C:\Users\Sandhya\.m2\repository\org\codehaus\plexus\plexus-io\2.1.3\plexus-io-2.1.3.jar:C:\Users\Sandhya\.m2\repository\org\codehaus\plexus\plexus-resources\1.0-alpha-7\plexus-resources-1.0-alpha-7.jar:C:\Users\Sandhya\.m2\repository\org\codehaus\plexus\plexus-utils\1.5.1\plexus-utils-1.5.1.jar:C:\Users\Sandhya\.m2\repository\org\codehaus\plexus\plexus-utils\2.0.5\plexus-utils-2.0.5.jar:C:\Users\Sandhya\.m2\repository\org\codehaus\plexus\plexus-utils\3.0.20\plexus-utils-3.0.20.jar:C:\Users\Sandhya\.m2\repository\org\codehaus\plexus\plexus-utils\3.0.21\plexus-utils-3.0.21.jar:C:\Users\Sandhya\.m2\repository\org\codehaus\plexus\plexus-utils\3.0.8\plexus-utils-3.0.8.jar:C:\Users\Sandhya\.m2\repository\org\codehaus\plexus\plexus-utils\3.0\plexus-utils-3.0.jar:C:\Users\Sandhya\.m2\repository\org\codehaus\plexus\plexus-velocity\1.1.8\plexus-velocity-1.1.8.jar:C:\Users\Sandhya\.m2\repository\org\eclipse\core\resources\3.3.0-v20070604\resources-3.3.0-v20070604.jar:C:\Users\Sandhya\.m2\repository\org\eclipse\jetty\jetty-io\9.2.12.v20150709\jetty-io-9.2.12.v20150709.jar:C:\Users\Sandhya\.m2\repository\org\eclipse\jetty\jetty-util\9.2.12.v20150709\jetty-util-9.2.12.v20150709.jar:C:\Users\Sandhya\.m2\repository\org\eclipse\jetty\websocket\websocket-api\9.2.12.v20150709\websocket-api-9.2.12.v20150709.jar:C:\Users\Sandhya\.m2\repository\org\eclipse\jetty\websocket\websocket-client\9.2.12.v20150709\websocket-client-9.2.12.v20150709.jar:C:\Users\Sandhya\.m2\repository\org\eclipse\jetty\websocket\websocket-common\9.2.12.v20150709\websocket-common-9.2.12.v20150709.jar:C:\Users\Sandhya\.m2\repository\org\seleniumhq\selenium\jetty-rc-repacked\5\jetty-rc-repacked-5.jar:C:\Users\Sandhya\.m2\repository\org\seleniumhq\selenium\jetty-repacked\9.2.13.v20150730\jetty-repacked-9.2.13.v20150730.jar:C:\Users\Sandhya\.m2\repository\org\seleniumhq\selenium\selenium-api\2.51.0\selenium-api-2.51.0.jar:C:\Users\Sandhya\.m2\repository\org\seleniumhq\selenium\selenium-chrome-driver\2.51.0\selenium-chrome-driver-2.51.0.jar:C:\Users\Sandhya\.m2\repository\org\seleniumhq\selenium\selenium-edge-driver\2.51.0\selenium-edge-driver-2.51.0.jar:C:\Users\Sandhya\.m2\repository\org\seleniumhq\selenium\selenium-firefox-driver\2.51.0\selenium-firefox-driver-2.51.0.jar:C:\Users\Sandhya\.m2\repository\org\seleniumhq\selenium\selenium-htmlunit-driver\2.51.0\selenium-htmlunit-driver-2.51.0.jar:C:\Users\Sandhya\.m2\repository\org\seleniumhq\selenium\selenium-ie-driver\2.51.0\selenium-ie-driver-2.51.0.jar:C:\Users\Sandhya\.m2\repository\org\seleniumhq\selenium\selenium-java\2.51.0\selenium-java-2.51.0.jar:C:\Users\Sandhya\.m2\repository\org\seleniumhq\selenium\selenium-leg-rc\2.51.0\selenium-leg-rc-2.51.0.jar:C:\Users\Sandhya\.m2\repository\org\seleniumhq\selenium\selenium-remote-driver\2.51.0\selenium-remote-driver-2.51.0.jar:C:\Users\Sandhya\.m2\repository\org\seleniumhq\selenium\selenium-safari-driver\2.51.0\selenium-safari-driver-2.51.0.jar:C:\Users\Sandhya\.m2\repository\org\seleniumhq\selenium\selenium-server\2.51.0\selenium-server-2.51.0.jar:C:\Users\Sandhya\.m2\repository\org\seleniumhq\selenium\selenium-support\2.51.0\selenium-support-2.51.0.jar:C:\Users\Sandhya\.m2\repository\org\slf4j\jcl-over-slf4j\1.5.6\jcl-over-slf4j-1.5.6.jar:C:\Users\Sandhya\.m2\repository\org\slf4j\jcl-over-slf4j\1.6.6\jcl-over-slf4j-1.6.6.jar:C:\Users\Sandhya\.m2\repository\org\slf4j\slf4j-api\1.5.6\slf4j-api-1.5.6.jar:C:\Users\Sandhya\.m2\repository\org\slf4j\slf4j-api\1.6.6\slf4j-api-1.6.6.jar:C:\Users\Sandhya\.m2\repository\org\slf4j\slf4j-jdk14\1.5.6\slf4j-jdk14-1.5.6.jar:C:\Users\Sandhya\.m2\repository\org\slf4j\slf4j-log4j12\1.6.6\slf4j-log4j12-1.6.6.jar:C:\Users\Sandhya\.m2\repository\org\sonatype\plexus\plexus-build-api\0.0.4\plexus-build-api-0.0.4.jar:C:\Users\Sandhya\.m2\repository\org\sonatype\plexus\plexus-cipher\1.4\plexus-cipher-1.4.jar:C:\Users\Sandhya\.m2\repository\org\sonatype\plexus\plexus-sec-dispatcher\1.3\plexus-sec-dispatcher-1.3.jar:C:\Users\Sandhya\.m2\repository\org\springframework\spring-aop\3.1.1.RELEASE\spring-aop-3.1.1.RELEASE.jar:C:\Users\Sandhya\.m2\repository\org\springframework\spring-asm\3.1.1.RELEASE\spring-asm-3.1.1.RELEASE.jar:C:\Users\Sandhya\.m2\repository\org\springframework\spring-beans\3.1.1.RELEASE\spring-beans-3.1.1.RELEASE.jar:C:\Users\Sandhya\.m2\repository\org\springframework\spring-context-support\3.1.1.RELEASE\spring-context-support-3.1.1.RELEASE.jar:C:\Users\Sandhya\.m2\repository\org\springframework\spring-context\3.1.1.RELEASE\spring-context-3.1.1.RELEASE.jar:C:\Users\Sandhya\.m2\repository\org\springframework\spring-core\3.1.1.RELEASE\spring-core-3.1.1.RELEASE.jar:C:\Users\Sandhya\.m2\repository\org\springframework\spring-expression\3.1.1.RELEASE\spring-expression-3.1.1.RELEASE.jar:C:\Users\Sandhya\.m2\repository\org\springframework\spring-web\3.1.1.RELEASE\spring-web-3.1.1.RELEASE.jar:C:\Users\Sandhya\.m2\repository\org\springframework\spring-webmvc\3.1.1.RELEASE\spring-webmvc-3.1.1.RELEASE.jar:C:\Users\Sandhya\.m2\repository\org\w3c\css\sac\1.3\sac-1.3.jar:C:\Users\Sandhya\.m2\repository\org\webbitserver\webbit\0.4.14\webbit-0.4.14.jar:C:\Users\Sandhya\.m2\repository\org\yaml\snakeyaml\1.8\snakeyaml-1.8.jar:C:\Users\Sandhya\.m2\repository\oro\oro\2.0.8\oro-2.0.8.jar:C:\Users\Sandhya\.m2\repository\xalan\serializer\2.7.2\serializer-2.7.2.jar:C:\Users\Sandhya\.m2\repository\xalan\xalan\2.7.2\xalan-2.7.2.jar:C:\Users\Sandhya\.m2\repository\xerces\xercesImpl\2.11.0\xercesImpl-2.11.0.jar:C:\Users\Sandhya\.m2\repository\xml-apis\xml-apis\1.0.b2\xml-apis-1.0.b2.jar:C:\Users\Sandhya\.m2\repository\xml-apis\xml-apis\1.4.01\xml-apis-1.4.01.jar:C:\Users\Sandhya\.m2\repository\xpp3\xpp3_min\1.1.4c\xpp3_min-1.1.4c.jar" />
    <property name="user.name" value="Sandhya" />
    <property name="Environment" value="env" />
    <property name="user.language" value="en" />
    <property name="sun.boot.library.path" value="C:\Program Files\Java\jdk1.8.0_66\jre\bin" />
    <property name="ant.project.name" value="Junit_DataDriven" />
    <property name="java.version" value="1.8.0_66" />
    <property name="user.timezone" value="" />
    <property name="sun.arch.data.model" value="64" />
    <property name="ant.file.Junit_DataDriven" value="C:\maven\MyMavenProject\build.xml" />
    <property name="java.endorsed.dirs" value="C:\Program Files\Java\jdk1.8.0_66\jre\lib\endorsed" />
    <property name="sun.cpu.isalist" value="amd64" />
    <property name="sun.jnu.encoding" value="Cp1252" />
    <property name="file.encoding.pkg" value="sun.io" />
    <property name="file.separator" value="\" />
    <property name="java.specification.name" value="Java Platform API Specification" />
    <property name="java.class.version" value="52.0" />
    <property name="user.country" value="US" />
    <property name="java.home" value="C:\Program Files\Java\jdk1.8.0_66\jre" />
    <property name="java.vm.info" value="mixed mode" />
    <property name="ant.file" value="C:\maven\MyMavenProject\build.xml" />
    <property name="os.version" value="6.3" />
    <property name="path.separator" value=";" />
    <property name="java.vm.version" value="25.66-b18" />
    <property name="user.variant" value="" />
    <property name="ant.library.dir" value="C:\apache-ant-1.9.3\lib" />
    <property name="java.awt.printerjob" value="sun.awt.windows.WPrinterJob" />
    <property name="sun.io.unicode.encoding" value="UnicodeLittle" />
    <property name="awt.toolkit" value="sun.awt.windows.WToolkit" />
    <property name="user.script" value="" />
    <property name="user.home" value="C:\Users\Sandhya" />
    <property name="test.dest" value="C:\maven\MyMavenProject/build" />
    <property name="java.specification.vendor" value="Oracle Corporation" />
    <property name="java.library.path" value="C:\Program Files\Java\jdk1.8.0_66\jre\bin;C:\WINDOWS\Sun\Java\bin;C:\WINDOWS\system32;C:\WINDOWS;C:\ProgramData\Oracle\Java\javapath;C:\oraclexe\app\oracle\product\11.2.0\server\bin;C:\RailsInstaller\Ruby1.9.3\bin;C:\Program Files (x86)\ActiveState Komodo Edit 8\;C:\product\11.2.0\dbhome\bin;C:\WINDOWS\system32;C:\WINDOWS;C:\WINDOWS\System32\Wbem;C:\WINDOWS\System32\WindowsPowerShell\v1.0\;C:\Program Files\Java\jdk1.8.0_66\bin;C:\iReport-5.5.0\iReport-5.5.0\ireport\modules\ext;C:\apache-ant-1.9.3\bin;C:\Program Files\Microsoft SQL Server\Client SDK\ODBC\110\Tools\Binn\;C:\Program Files (x86)\Microsoft SQL Server\120\Tools\Binn\;C:\Program Files\Microsoft SQL Server\120\Tools\Binn\;C:\Program Files\Microsoft SQL Server\120\DTS\Binn\;C:\Program Files (x86)\Microsoft SQL Server\120\Tools\Binn\ManagementStudio\;C:\Program Files (x86)\Microsoft SQL Server\120\DTS\Binn\;C:\php-5.5\php-cgi.exe;C:\php-5.5;C:\Program Files\nodejs\;C:\Android\android-sdk\tools\;C:\Android\android-sdk\platform-tools\;C:\phonegap-2.9.1\phonegap-2.9.1\;C:\Program Files (x86)\Windows Kits\8.1\Windows Performance Toolkit\;C:\Program Files\Microsoft SQL Server\110\Tools\Binn\;C:\Program Files (x86)\Microsoft SDKs\TypeScript\1.0\;C:\Program Files (x86)\MySQL\MySQL Fabric 1.5.3 &amp; MySQL Utilities 1.5.3 1.5\;C:\Program Files (x86)\MySQL\MySQL Fabric 1.5.3 &amp; MySQL Utilities 1.5.3 1.5\Doctrine extensions for PHP\;C:\Program Files\MySQL\MySQL Server 5.6\lib\libmysql.dll;C:\httpd-2.4.10\Apache24\bin;C:\Program Files (x86)\Skype\Phone\;C:\Program Files (x86)\Mozilla Firefox\;C:\apache-maven-3.3.9-bin\apache-maven-3.3.9\bin;C:\Users\Sandhya\AppData\Roaming\npm;." />
    <property name="java.vendor.url" value="http://java.oracle.com/" />
    <property name="java.vm.vendor" value="Oracle Corporation" />
    <property name="java.runtime.name" value="Java(TM) SE Runtime Environment" />
    <property name="sun.java.command" value="org.apache.tools.ant.taskdefs.optional.junit.JUnitTestRunner com.testing.YahooTest skipNonTests=false filtertrace=true haltOnError=false haltOnFailure=false formatter=org.apache.tools.ant.taskdefs.optional.junit.SummaryJUnitResultFormatter showoutput=false outputtoformatters=true logfailedtests=true logtestlistenerevents=false formatter=org.apache.tools.ant.taskdefs.optional.junit.XMLJUnitResultFormatter,C:\maven\MyMavenProject\rep\TEST-com.testing.YahooTest.xml crashfile=C:\maven\MyMavenProject\junitvmwatcher7934898275095833946.properties propsfile=C:\maven\MyMavenProject\junit4961630725523931225.properties" />
    <property name="java.class.path" value="C:\maven\MyMavenProject\build;C:\Users\Sandhya\.m2\repository\antlr\antlr\2.7.7\antlr-2.7.7.jar;C:\Users\Sandhya\.m2\repository\aopalliance\aopalliance\1.0\aopalliance-1.0.jar;C:\Users\Sandhya\.m2\repository\asm\asm-analysis\3.2\asm-analysis-3.2.jar;C:\Users\Sandhya\.m2\repository\asm\asm-commons\3.2\asm-commons-3.2.jar;C:\Users\Sandhya\.m2\repository\asm\asm-tree\3.2\asm-tree-3.2.jar;C:\Users\Sandhya\.m2\repository\asm\asm-util\3.2\asm-util-3.2.jar;C:\Users\Sandhya\.m2\repository\asm\asm\3.2\asm-3.2.jar;C:\Users\Sandhya\.m2\repository\backport-util-concurrent\backport-util-concurrent\3.1\backport-util-concurrent-3.1.jar;C:\Users\Sandhya\.m2\repository\biz\aQute\bndlib\0.0.145\bndlib-0.0.145.jar;C:\Users\Sandhya\.m2\repository\cglib\cglib-nodep\2.1_3\cglib-nodep-2.1_3.jar;C:\Users\Sandhya\.m2\repository\classworlds\classworlds\1.1-alpha-2\classworlds-1.1-alpha-2.jar;C:\Users\Sandhya\.m2\repository\classworlds\classworlds\1.1\classworlds-1.1.jar;C:\Users\Sandhya\.m2\repository\com\beust\jcommander\1.48\jcommander-1.48.jar;C:\Users\Sandhya\.m2\repository\com\google\code\findbugs\jsr305\2.0.1\jsr305-2.0.1.jar;C:\Users\Sandhya\.m2\repository\com\google\code\gson\gson\2.3.1\gson-2.3.1.jar;C:\Users\Sandhya\.m2\repository\com\google\guava\guava\19.0\guava-19.0.jar;C:\Users\Sandhya\.m2\repository\com\thoughtworks\xstream\xstream\1.3.1\xstream-1.3.1.jar;C:\Users\Sandhya\.m2\repository\commons-cli\commons-cli\1.0\commons-cli-1.0.jar;C:\Users\Sandhya\.m2\repository\commons-cli\commons-cli\1.2\commons-cli-1.2.jar;C:\Users\Sandhya\.m2\repository\commons-codec\commons-codec\1.10\commons-codec-1.10.jar;C:\Users\Sandhya\.m2\repository\commons-collections\commons-collections\3.2.1\commons-collections-3.2.1.jar;C:\Users\Sandhya\.m2\repository\commons-collections\commons-collections\3.2.2\commons-collections-3.2.2.jar;C:\Users\Sandhya\.m2\repository\commons-io\commons-io\2.2\commons-io-2.2.jar;C:\Users\Sandhya\.m2\repository\commons-io\commons-io\2.4\commons-io-2.4.jar;C:\Users\Sandhya\.m2\repository\commons-lang\commons-lang\2.1\commons-lang-2.1.jar;C:\Users\Sandhya\.m2\repository\commons-logging\commons-logging-api\1.1\commons-logging-api-1.1.jar;C:\Users\Sandhya\.m2\repository\commons-logging\commons-logging\1.2\commons-logging-1.2.jar;C:\Users\Sandhya\.m2\repository\dom4j\dom4j\1.6.1\dom4j-1.6.1.jar;C:\Users\Sandhya\.m2\repository\io\netty\netty\3.5.2.Final\netty-3.5.2.Final.jar;C:\Users\Sandhya\.m2\repository\javax\inject\javax.inject\1\javax.inject-1.jar;C:\Users\Sandhya\.m2\repository\javax\servlet\javax.servlet-api\3.1.0\javax.servlet-api-3.1.0.jar;C:\Users\Sandhya\.m2\repository\javax\servlet\jsp\jsp-api\2.1\jsp-api-2.1.jar;C:\Users\Sandhya\.m2\repository\javax\servlet\jstl\1.2\jstl-1.2.jar;C:\Users\Sandhya\.m2\repository\javax\servlet\servlet-api\2.5\servlet-api-2.5.jar;C:\Users\Sandhya\.m2\repository\jdom\jdom\1.0\jdom-1.0.jar;C:\Users\Sandhya\.m2\repository\jline\jline\0.9.1\jline-0.9.1.jar;C:\Users\Sandhya\.m2\repository\junit\junit\3.8.1\junit-3.8.1.jar;C:\Users\Sandhya\.m2\repository\junit\junit\3.8.2\junit-3.8.2.jar;C:\Users\Sandhya\.m2\repository\junit\junit\4.7\junit-4.7.jar;C:\Users\Sandhya\.m2\repository\junit\junit\4.8.2\junit-4.8.2.jar;C:\Users\Sandhya\.m2\repository\log4j\log4j\1.2.12\log4j-1.2.12.jar;C:\Users\Sandhya\.m2\repository\log4j\log4j\1.2.15\log4j-1.2.15.jar;C:\Users\Sandhya\.m2\repository\mx4j\mx4j-tools\3.0.1\mx4j-tools-3.0.1.jar;C:\Users\Sandhya\.m2\repository\net\java\dev\jna\jna-platform\4.1.0\jna-platform-4.1.0.jar;C:\Users\Sandhya\.m2\repository\net\java\dev\jna\jna\4.1.0\jna-4.1.0.jar;C:\Users\Sandhya\.m2\repository\net\jcip\jcip-annotations\1.0\jcip-annotations-1.0.jar;C:\Users\Sandhya\.m2\repository\net\sourceforge\cssparser\cssparser\0.9.16\cssparser-0.9.16.jar;C:\Users\Sandhya\.m2\repository\net\sourceforge\htmlunit\htmlunit-core-js\2.17\htmlunit-core-js-2.17.jar;C:\Users\Sandhya\.m2\repository\net\sourceforge\htmlunit\htmlunit\2.18\htmlunit-2.18.jar;C:\Users\Sandhya\.m2\repository\net\sourceforge\jchardet\jchardet\1.0\jchardet-1.0.jar;C:\Users\Sandhya\.m2\repository\net\sourceforge\nekohtml\nekohtml\1.9.22\nekohtml-1.9.22.jar;C:\Users\Sandhya\.m2\repository\org\apache\ant\ant-launcher\1.9.4\ant-launcher-1.9.4.jar;C:\Users\Sandhya\.m2\repository\org\apache\ant\ant\1.8.1\ant-1.8.1.jar;C:\Users\Sandhya\.m2\repository\org\apache\ant\ant\1.9.4\ant-1.9.4.jar;C:\Users\Sandhya\.m2\repository\org\apache\commons\commons-compress\1.8.1\commons-compress-1.8.1.jar;C:\Users\Sandhya\.m2\repository\org\apache\commons\commons-exec\1.3\commons-exec-1.3.jar;C:\Users\Sandhya\.m2\repository\org\apache\commons\commons-lang3\3.1\commons-lang3-3.1.jar;C:\Users\Sandhya\.m2\repository\org\apache\commons\commons-lang3\3.4\commons-lang3-3.4.jar;C:\Users\Sandhya\.m2\repository\org\apache\httpcomponents\httpclient\4.5.1\httpclient-4.5.1.jar;C:\Users\Sandhya\.m2\repository\org\apache\httpcomponents\httpcore\4.4.3\httpcore-4.4.3.jar;C:\Users\Sandhya\.m2\repository\org\apache\httpcomponents\httpmime\4.5\httpmime-4.5.jar;C:\Users\Sandhya\.m2\repository\org\apache\maven\archetype\archetype-catalog\2.4\archetype-catalog-2.4.jar;C:\Users\Sandhya\.m2\repository\org\apache\maven\archetype\archetype-common\2.4\archetype-common-2.4.jar;C:\Users\Sandhya\.m2\repository\org\apache\maven\archetype\archetype-descriptor\2.4\archetype-descriptor-2.4.jar;C:\Users\Sandhya\.m2\repository\org\apache\maven\archetype\archetype-registry\2.4\archetype-registry-2.4.jar;C:\Users\Sandhya\.m2\repository\org\apache\maven\archetypes\maven-archetype-quickstart\1.1\maven-archetype-quickstart-1.1.jar;C:\Users\Sandhya\.m2\repository\org\apache\maven\doxia\doxia-logging-api\1.1\doxia-logging-api-1.1.jar;C:\Users\Sandhya\.m2\repository\org\apache\maven\doxia\doxia-sink-api\1.0-alpha-7\doxia-sink-api-1.0-alpha-7.jar;C:\Users\Sandhya\.m2\repository\org\apache\maven\doxia\doxia-sink-api\1.1\doxia-sink-api-1.1.jar;C:\Users\Sandhya\.m2\repository\org\apache\maven\maven-archiver\2.5\maven-archiver-2.5.jar;C:\Users\Sandhya\.m2\repository\org\apache\maven\maven-artifact-manager\2.0.6\maven-artifact-manager-2.0.6.jar;C:\Users\Sandhya\.m2\repository\org\apache\maven\maven-artifact-manager\2.0.9\maven-artifact-manager-2.0.9.jar;C:\Users\Sandhya\.m2\repository\org\apache\maven\maven-artifact-manager\2.2.1\maven-artifact-manager-2.2.1.jar;C:\Users\Sandhya\.m2\repository\org\apache\maven\maven-artifact\2.0.6\maven-artifact-2.0.6.jar;C:\Users\Sandhya\.m2\repository\org\apache\maven\maven-artifact\2.0.9\maven-artifact-2.0.9.jar;C:\Users\Sandhya\.m2\repository\org\apache\maven\maven-artifact\2.2.1\maven-artifact-2.2.1.jar;C:\Users\Sandhya\.m2\repository\org\apache\maven\maven-core\2.0.6\maven-core-2.0.6.jar;C:\Users\Sandhya\.m2\repository\org\apache\maven\maven-core\2.0.9\maven-core-2.0.9.jar;C:\Users\Sandhya\.m2\repository\org\apache\maven\maven-core\2.2.1\maven-core-2.2.1.jar;C:\Users\Sandhya\.m2\repository\org\apache\maven\maven-error-diagnostics\2.0.6\maven-error-diagnostics-2.0.6.jar;C:\Users\Sandhya\.m2\repository\org\apache\maven\maven-error-diagnostics\2.0.9\maven-error-diagnostics-2.0.9.jar;C:\Users\Sandhya\.m2\repository\org\apache\maven\maven-error-diagnostics\2.2.1\maven-error-diagnostics-2.2.1.jar;C:\Users\Sandhya\.m2\repository\org\apache\maven\maven-model\2.0.6\maven-model-2.0.6.jar;C:\Users\Sandhya\.m2\repository\org\apache\maven\maven-model\2.0.9\maven-model-2.0.9.jar;C:\Users\Sandhya\.m2\repository\org\apache\maven\maven-model\2.2.1\maven-model-2.2.1.jar;C:\Users\Sandhya\.m2\repository\org\apache\maven\maven-monitor\2.0.6\maven-monitor-2.0.6.jar;C:\Users\Sandhya\.m2\repository\org\apache\maven\maven-monitor\2.0.9\maven-monitor-2.0.9.jar;C:\Users\Sandhya\.m2\repository\org\apache\maven\maven-monitor\2.2.1\maven-monitor-2.2.1.jar;C:\Users\Sandhya\.m2\repository\org\apache\maven\maven-plugin-api\2.0.6\maven-plugin-api-2.0.6.jar;C:\Users\Sandhya\.m2\repository\org\apache\maven\maven-plugin-api\2.0.9\maven-plugin-api-2.0.9.jar;C:\Users\Sandhya\.m2\repository\org\apache\maven\maven-plugin-api\2.2.1\maven-plugin-api-2.2.1.jar;C:\Users\Sandhya\.m2\repository\org\apache\maven\maven-plugin-descriptor\2.0.6\maven-plugin-descriptor-2.0.6.jar;C:\Users\Sandhya\.m2\repository\org\apache\maven\maven-plugin-descriptor\2.0.9\maven-plugin-descriptor-2.0.9.jar;C:\Users\Sandhya\.m2\repository\org\apache\maven\maven-plugin-descriptor\2.2.1\maven-plugin-descriptor-2.2.1.jar;C:\Users\Sandhya\.m2\repository\org\apache\maven\maven-plugin-parameter-documenter\2.0.6\maven-plugin-parameter-documenter-2.0.6.jar;C:\Users\Sandhya\.m2\repository\org\apache\maven\maven-plugin-parameter-documenter\2.0.9\maven-plugin-parameter-documenter-2.0.9.jar;C:\Users\Sandhya\.m2\repository\org\apache\maven\maven-plugin-parameter-documenter\2.2.1\maven-plugin-parameter-documenter-2.2.1.jar;C:\Users\Sandhya\.m2\repository\org\apache\maven\maven-plugin-registry\2.0.6\maven-plugin-registry-2.0.6.jar;C:\Users\Sandhya\.m2\repository\org\apache\maven\maven-plugin-registry\2.0.9\maven-plugin-registry-2.0.9.jar;C:\Users\Sandhya\.m2\repository\org\apache\maven\maven-plugin-registry\2.2.1\maven-plugin-registry-2.2.1.jar;C:\Users\Sandhya\.m2\repository\org\apache\maven\maven-profile\2.0.6\maven-profile-2.0.6.jar;C:\Users\Sandhya\.m2\repository\org\apache\maven\maven-profile\2.0.9\maven-profile-2.0.9.jar;C:\Users\Sandhya\.m2\repository\org\apache\maven\maven-profile\2.2.1\maven-profile-2.2.1.jar;C:\Users\Sandhya\.m2\repository\org\apache\maven\maven-project\2.0.6\maven-project-2.0.6.jar;C:\Users\Sandhya\.m2\repository\org\apache\maven\maven-project\2.0.9\maven-project-2.0.9.jar;C:\Users\Sandhya\.m2\repository\org\apache\maven\maven-project\2.2.1\maven-project-2.2.1.jar;C:\Users\Sandhya\.m2\repository\org\apache\maven\maven-repository-metadata\2.0.6\maven-repository-metadata-2.0.6.jar;C:\Users\Sandhya\.m2\repository\org\apache\maven\maven-repository-metadata\2.0.9\maven-repository-metadata-2.0.9.jar;C:\Users\Sandhya\.m2\repository\org\apache\maven\maven-repository-metadata\2.2.1\maven-repository-metadata-2.2.1.jar;C:\Users\Sandhya\.m2\repository\org\apache\maven\maven-settings\2.0.6\maven-settings-2.0.6.jar;C:\Users\Sandhya\.m2\repository\org\apache\maven\maven-settings\2.0.9\maven-settings-2.0.9.jar;C:\Users\Sandhya\.m2\repository\org\apache\maven\maven-settings\2.2.1\maven-settings-2.2.1.jar;C:\Users\Sandhya\.m2\repository\org\apache\maven\maven-toolchain\1.0\maven-toolchain-1.0.jar;C:\Users\Sandhya\.m2\repository\org\apache\maven\maven-toolchain\2.0.9\maven-toolchain-2.0.9.jar;C:\Users\Sandhya\.m2\repository\org\apache\maven\plugin-tools\maven-plugin-annotations\3.1\maven-plugin-annotations-3.1.jar;C:\Users\Sandhya\.m2\repository\org\apache\maven\plugins\maven-antrun-plugin\1.3\maven-antrun-plugin-1.3.jar;C:\Users\Sandhya\.m2\repository\org\apache\maven\plugins\maven-antrun-plugin\1.8\maven-antrun-plugin-1.8.jar;C:\Users\Sandhya\.m2\repository\org\apache\maven\plugins\maven-archetype-plugin\2.4\maven-archetype-plugin-2.4.jar;C:\Users\Sandhya\.m2\repository\org\apache\maven\plugins\maven-assembly-plugin\2.2-beta-5\maven-assembly-plugin-2.2-beta-5.jar;C:\Users\Sandhya\.m2\repository\org\apache\maven\plugins\maven-clean-plugin\2.5\maven-clean-plugin-2.5.jar;C:\Users\Sandhya\.m2\repository\org\apache\maven\plugins\maven-compiler-plugin\2.3.2\maven-compiler-plugin-2.3.2.jar;C:\Users\Sandhya\.m2\repository\org\apache\maven\plugins\maven-compiler-plugin\2.5.1\maven-compiler-plugin-2.5.1.jar;C:\Users\Sandhya\.m2\repository\org\apache\maven\plugins\maven-compiler-plugin\3.1\maven-compiler-plugin-3.1.jar;C:\Users\Sandhya\.m2\repository\org\apache\maven\plugins\maven-dependency-plugin\2.8\maven-dependency-plugin-2.8.jar;C:\Users\Sandhya\.m2\repository\org\apache\maven\plugins\maven-deploy-plugin\2.7\maven-deploy-plugin-2.7.jar;C:\Users\Sandhya\.m2\repository\org\apache\maven\plugins\maven-eclipse-plugin\2.10\maven-eclipse-plugin-2.10.jar;C:\Users\Sandhya\.m2\repository\org\apache\maven\plugins\maven-eclipse-plugin\2.9\maven-eclipse-plugin-2.9.jar;C:\Users\Sandhya\.m2\repository\org\apache\maven\plugins\maven-install-plugin\2.4\maven-install-plugin-2.4.jar;C:\Users\Sandhya\.m2\repository\org\apache\maven\plugins\maven-jar-plugin\2.4\maven-jar-plugin-2.4.jar;C:\Users\Sandhya\.m2\repository\org\apache\maven\plugins\maven-release-plugin\2.3.2\maven-release-plugin-2.3.2.jar;C:\Users\Sandhya\.m2\repository\org\apache\maven\plugins\maven-resources-plugin\2.5\maven-resources-plugin-2.5.jar;C:\Users\Sandhya\.m2\repository\org\apache\maven\plugins\maven-resources-plugin\2.6\maven-resources-plugin-2.6.jar;C:\Users\Sandhya\.m2\repository\org\apache\maven\plugins\maven-site-plugin\3.3\maven-site-plugin-3.3.jar;C:\Users\Sandhya\.m2\repository\org\apache\maven\plugins\maven-surefire-plugin\2.12.4\maven-surefire-plugin-2.12.4.jar;C:\Users\Sandhya\.m2\repository\org\apache\maven\plugins\maven-war-plugin\2.2\maven-war-plugin-2.2.jar;C:\Users\Sandhya\.m2\repository\org\apache\maven\reporting\maven-reporting-api\2.0.6\maven-reporting-api-2.0.6.jar;C:\Users\Sandhya\.m2\repository\org\apache\maven\reporting\maven-reporting-api\2.0.9\maven-reporting-api-2.0.9.jar;C:\Users\Sandhya\.m2\repository\org\apache\maven\reporting\maven-reporting-api\2.2.1\maven-reporting-api-2.2.1.jar;C:\Users\Sandhya\.m2\repository\org\apache\maven\shared\maven-common-artifact-filters\1.3\maven-common-artifact-filters-1.3.jar;C:\Users\Sandhya\.m2\repository\org\apache\maven\shared\maven-filtering\1.0-beta-2\maven-filtering-1.0-beta-2.jar;C:\Users\Sandhya\.m2\repository\org\apache\maven\shared\maven-filtering\1.0\maven-filtering-1.0.jar;C:\Users\Sandhya\.m2\repository\org\apache\maven\shared\maven-filtering\1.1\maven-filtering-1.1.jar;C:\Users\Sandhya\.m2\repository\org\apache\maven\shared\maven-invoker\2.1.1\maven-invoker-2.1.1.jar;C:\Users\Sandhya\.m2\repository\org\apache\maven\shared\maven-osgi\0.2.0\maven-osgi-0.2.0.jar;C:\Users\Sandhya\.m2\repository\org\apache\maven\shared\maven-script-interpreter\1.0\maven-script-interpreter-1.0.jar;C:\Users\Sandhya\.m2\repository\org\apache\maven\shared\maven-shared-incremental\1.1\maven-shared-incremental-1.1.jar;C:\Users\Sandhya\.m2\repository\org\apache\maven\shared\maven-shared-utils\0.1\maven-shared-utils-0.1.jar;C:\Users\Sandhya\.m2\repository\org\apache\maven\surefire\maven-surefire-common\2.12.4\maven-surefire-common-2.12.4.jar;C:\Users\Sandhya\.m2\repository\org\apache\maven\surefire\surefire-api\2.12.4\surefire-api-2.12.4.jar;C:\Users\Sandhya\.m2\repository\org\apache\maven\surefire\surefire-booter\2.12.4\surefire-booter-2.12.4.jar;C:\Users\Sandhya\.m2\repository\org\apache\maven\surefire\surefire-junit4\2.12.4\surefire-junit4-2.12.4.jar;C:\Users\Sandhya\.m2\repository\org\apache\maven\wagon\wagon-provider-api\2.1\wagon-provider-api-2.1.jar;C:\Users\Sandhya\.m2\repository\org\apache\velocity\velocity\1.5\velocity-1.5.jar;C:\Users\Sandhya\.m2\repository\org\apache\xbean\xbean-reflect\3.4\xbean-reflect-3.4.jar;C:\Users\Sandhya\.m2\repository\org\aspectj\aspectjrt\1.6.10\aspectjrt-1.6.10.jar;C:\Users\Sandhya\.m2\repository\org\beanshell\bsh\2.0b4\bsh-2.0b4.jar;C:\Users\Sandhya\.m2\repository\org\bouncycastle\bcpkix-jdk15on\1.48\bcpkix-jdk15on-1.48.jar;C:\Users\Sandhya\.m2\repository\org\bouncycastle\bcprov-jdk15on\1.48\bcprov-jdk15on-1.48.jar;C:\Users\Sandhya\.m2\repository\org\codehaus\groovy\groovy\1.8.3\groovy-1.8.3.jar;C:\Users\Sandhya\.m2\repository\org\codehaus\mojo\exec-maven-plugin\1.2.1\exec-maven-plugin-1.2.1.jar;C:\Users\Sandhya\.m2\repository\org\codehaus\plexus\plexus-archiver\2.1\plexus-archiver-2.1.jar;C:\Users\Sandhya\.m2\repository\org\codehaus\plexus\plexus-archiver\2.6.3\plexus-archiver-2.6.3.jar;C:\Users\Sandhya\.m2\repository\org\codehaus\plexus\plexus-classworlds\1.2-alpha-7\plexus-classworlds-1.2-alpha-7.jar;C:\Users\Sandhya\.m2\repository\org\codehaus\plexus\plexus-classworlds\2.2.2\plexus-classworlds-2.2.2.jar;C:\Users\Sandhya\.m2\repository\org\codehaus\plexus\plexus-compiler-api\1.8.1\plexus-compiler-api-1.8.1.jar;C:\Users\Sandhya\.m2\repository\org\codehaus\plexus\plexus-compiler-api\1.9.1\plexus-compiler-api-1.9.1.jar;C:\Users\Sandhya\.m2\repository\org\codehaus\plexus\plexus-compiler-api\2.2\plexus-compiler-api-2.2.jar;C:\Users\Sandhya\.m2\repository\org\codehaus\plexus\plexus-compiler-javac\1.8.1\plexus-compiler-javac-1.8.1.jar;C:\Users\Sandhya\.m2\repository\org\codehaus\plexus\plexus-compiler-javac\1.9.1\plexus-compiler-javac-1.9.1.jar;C:\Users\Sandhya\.m2\repository\org\codehaus\plexus\plexus-compiler-javac\2.2\plexus-compiler-javac-2.2.jar;C:\Users\Sandhya\.m2\repository\org\codehaus\plexus\plexus-compiler-manager\1.8.1\plexus-compiler-manager-1.8.1.jar;C:\Users\Sandhya\.m2\repository\org\codehaus\plexus\plexus-compiler-manager\1.9.1\plexus-compiler-manager-1.9.1.jar;C:\Users\Sandhya\.m2\repository\org\codehaus\plexus\plexus-compiler-manager\2.2\plexus-compiler-manager-2.2.jar;C:\Users\Sandhya\.m2\repository\org\codehaus\plexus\plexus-component-annotations\1.5.5\plexus-component-annotations-1.5.5.jar;C:\Users\Sandhya\.m2\repository\org\codehaus\plexus\plexus-component-api\1.0-alpha-16\plexus-component-api-1.0-alpha-16.jar;C:\Users\Sandhya\.m2\repository\org\codehaus\plexus\plexus-container-default\1.0-alpha-9-stable-1\plexus-container-default-1.0-alpha-9-stable-1.jar;C:\Users\Sandhya\.m2\repository\org\codehaus\plexus\plexus-container-default\1.5.5\plexus-container-default-1.5.5.jar;C:\Users\Sandhya\.m2\repository\org\codehaus\plexus\plexus-interactivity-api\1.0-alpha-4\plexus-interactivity-api-1.0-alpha-4.jar;C:\Users\Sandhya\.m2\repository\org\codehaus\plexus\plexus-interactivity-api\1.0-alpha-6\plexus-interactivity-api-1.0-alpha-6.jar;C:\Users\Sandhya\.m2\repository\org\codehaus\plexus\plexus-interactivity-jline\1.0-alpha-5\plexus-interactivity-jline-1.0-alpha-5.jar;C:\Users\Sandhya\.m2\repository\org\codehaus\plexus\plexus-interpolation\1.11\plexus-interpolation-1.11.jar;C:\Users\Sandhya\.m2\repository\org\codehaus\plexus\plexus-interpolation\1.13\plexus-interpolation-1.13.jar;C:\Users\Sandhya\.m2\repository\org\codehaus\plexus\plexus-interpolation\1.15\plexus-interpolation-1.15.jar;C:\Users\Sandhya\.m2\repository\org\codehaus\plexus\plexus-io\2.0.2\plexus-io-2.0.2.jar;C:\Users\Sandhya\.m2\repository\org\codehaus\plexus\plexus-io\2.1.3\plexus-io-2.1.3.jar;C:\Users\Sandhya\.m2\repository\org\codehaus\plexus\plexus-resources\1.0-alpha-7\plexus-resources-1.0-alpha-7.jar;C:\Users\Sandhya\.m2\repository\org\codehaus\plexus\plexus-utils\1.5.1\plexus-utils-1.5.1.jar;C:\Users\Sandhya\.m2\repository\org\codehaus\plexus\plexus-utils\2.0.5\plexus-utils-2.0.5.jar;C:\Users\Sandhya\.m2\repository\org\codehaus\plexus\plexus-utils\3.0.20\plexus-utils-3.0.20.jar;C:\Users\Sandhya\.m2\repository\org\codehaus\plexus\plexus-utils\3.0.21\plexus-utils-3.0.21.jar;C:\Users\Sandhya\.m2\repository\org\codehaus\plexus\plexus-utils\3.0.8\plexus-utils-3.0.8.jar;C:\Users\Sandhya\.m2\repository\org\codehaus\plexus\plexus-utils\3.0\plexus-utils-3.0.jar;C:\Users\Sandhya\.m2\repository\org\codehaus\plexus\plexus-velocity\1.1.8\plexus-velocity-1.1.8.jar;C:\Users\Sandhya\.m2\repository\org\eclipse\core\resources\3.3.0-v20070604\resources-3.3.0-v20070604.jar;C:\Users\Sandhya\.m2\repository\org\eclipse\jetty\jetty-io\9.2.12.v20150709\jetty-io-9.2.12.v20150709.jar;C:\Users\Sandhya\.m2\repository\org\eclipse\jetty\jetty-util\9.2.12.v20150709\jetty-util-9.2.12.v20150709.jar;C:\Users\Sandhya\.m2\repository\org\eclipse\jetty\websocket\websocket-api\9.2.12.v20150709\websocket-api-9.2.12.v20150709.jar;C:\Users\Sandhya\.m2\repository\org\eclipse\jetty\websocket\websocket-client\9.2.12.v20150709\websocket-client-9.2.12.v20150709.jar;C:\Users\Sandhya\.m2\repository\org\eclipse\jetty\websocket\websocket-common\9.2.12.v20150709\websocket-common-9.2.12.v20150709.jar;C:\Users\Sandhya\.m2\repository\org\seleniumhq\selenium\jetty-rc-repacked\5\jetty-rc-repacked-5.jar;C:\Users\Sandhya\.m2\repository\org\seleniumhq\selenium\jetty-repacked\9.2.13.v20150730\jetty-repacked-9.2.13.v20150730.jar;C:\Users\Sandhya\.m2\repository\org\seleniumhq\selenium\selenium-api\2.51.0\selenium-api-2.51.0.jar;C:\Users\Sandhya\.m2\repository\org\seleniumhq\selenium\selenium-chrome-driver\2.51.0\selenium-chrome-driver-2.51.0.jar;C:\Users\Sandhya\.m2\repository\org\seleniumhq\selenium\selenium-edge-driver\2.51.0\selenium-edge-driver-2.51.0.jar;C:\Users\Sandhya\.m2\repository\org\seleniumhq\selenium\selenium-firefox-driver\2.51.0\selenium-firefox-driver-2.51.0.jar;C:\Users\Sandhya\.m2\repository\org\seleniumhq\selenium\selenium-htmlunit-driver\2.51.0\selenium-htmlunit-driver-2.51.0.jar;C:\Users\Sandhya\.m2\repository\org\seleniumhq\selenium\selenium-ie-driver\2.51.0\selenium-ie-driver-2.51.0.jar;C:\Users\Sandhya\.m2\repository\org\seleniumhq\selenium\selenium-java\2.51.0\selenium-java-2.51.0.jar;C:\Users\Sandhya\.m2\repository\org\seleniumhq\selenium\selenium-leg-rc\2.51.0\selenium-leg-rc-2.51.0.jar;C:\Users\Sandhya\.m2\repository\org\seleniumhq\selenium\selenium-remote-driver\2.51.0\selenium-remote-driver-2.51.0.jar;C:\Users\Sandhya\.m2\repository\org\seleniumhq\selenium\selenium-safari-driver\2.51.0\selenium-safari-driver-2.51.0.jar;C:\Users\Sandhya\.m2\repository\org\seleniumhq\selenium\selenium-server\2.51.0\selenium-server-2.51.0.jar;C:\Users\Sandhya\.m2\repository\org\seleniumhq\selenium\selenium-support\2.51.0\selenium-support-2.51.0.jar;C:\Users\Sandhya\.m2\repository\org\slf4j\jcl-over-slf4j\1.5.6\jcl-over-slf4j-1.5.6.jar;C:\Users\Sandhya\.m2\repository\org\slf4j\jcl-over-slf4j\1.6.6\jcl-over-slf4j-1.6.6.jar;C:\Users\Sandhya\.m2\repository\org\slf4j\slf4j-api\1.5.6\slf4j-api-1.5.6.jar;C:\Users\Sandhya\.m2\repository\org\slf4j\slf4j-api\1.6.6\slf4j-api-1.6.6.jar;C:\Users\Sandhya\.m2\repository\org\slf4j\slf4j-jdk14\1.5.6\slf4j-jdk14-1.5.6.jar;C:\Users\Sandhya\.m2\repository\org\slf4j\slf4j-log4j12\1.6.6\slf4j-log4j12-1.6.6.jar;C:\Users\Sandhya\.m2\repository\org\sonatype\plexus\plexus-build-api\0.0.4\plexus-build-api-0.0.4.jar;C:\Users\Sandhya\.m2\repository\org\sonatype\plexus\plexus-cipher\1.4\plexus-cipher-1.4.jar;C:\Users\Sandhya\.m2\repository\org\sonatype\plexus\plexus-sec-dispatcher\1.3\plexus-sec-dispatcher-1.3.jar;C:\Users\Sandhya\.m2\repository\org\springframework\spring-aop\3.1.1.RELEASE\spring-aop-3.1.1.RELEASE.jar;C:\Users\Sandhya\.m2\repository\org\springframework\spring-asm\3.1.1.RELEASE\spring-asm-3.1.1.RELEASE.jar;C:\Users\Sandhya\.m2\repository\org\springframework\spring-beans\3.1.1.RELEASE\spring-beans-3.1.1.RELEASE.jar;C:\Users\Sandhya\.m2\repository\org\springframework\spring-context-support\3.1.1.RELEASE\spring-context-support-3.1.1.RELEASE.jar;C:\Users\Sandhya\.m2\repository\org\springframework\spring-context\3.1.1.RELEASE\spring-context-3.1.1.RELEASE.jar;C:\Users\Sandhya\.m2\repository\org\springframework\spring-core\3.1.1.RELEASE\spring-core-3.1.1.RELEASE.jar;C:\Users\Sandhya\.m2\repository\org\springframework\spring-expression\3.1.1.RELEASE\spring-expression-3.1.1.RELEASE.jar;C:\Users\Sandhya\.m2\repository\org\springframework\spring-web\3.1.1.RELEASE\spring-web-3.1.1.RELEASE.jar;C:\Users\Sandhya\.m2\repository\org\springframework\spring-webmvc\3.1.1.RELEASE\spring-webmvc-3.1.1.RELEASE.jar;C:\Users\Sandhya\.m2\repository\org\w3c\css\sac\1.3\sac-1.3.jar;C:\Users\Sandhya\.m2\repository\org\webbitserver\webbit\0.4.14\webbit-0.4.14.jar;C:\Users\Sandhya\.m2\repository\org\yaml\snakeyaml\1.8\snakeyaml-1.8.jar;C:\Users\Sandhya\.m2\repository\oro\oro\2.0.8\oro-2.0.8.jar;C:\Users\Sandhya\.m2\repository\xalan\serializer\2.7.2\serializer-2.7.2.jar;C:\Users\Sandhya\.m2\repository\xalan\xalan\2.7.2\xalan-2.7.2.jar;C:\Users\Sandhya\.m2\repository\xerces\xercesImpl\2.11.0\xercesImpl-2.11.0.jar;C:\Users\Sandhya\.m2\repository\xml-apis\xml-apis\1.0.b2\xml-apis-1.0.b2.jar;C:\Users\Sandhya\.m2\repository\xml-apis\xml-apis\1.4.01\xml-apis-1.4.01.jar;C:\Users\Sandhya\.m2\repository\xpp3\xpp3_min\1.1.4c\xpp3_min-1.1.4c.jar;C:\apache-ant-1.9.3\lib\ant-launcher.jar;C:\apache-ant-1.9.3\lib\ant.jar;C:\apache-ant-1.9.3\lib\ant-junit.jar;C:\apache-ant-1.9.3\lib\ant-junit4.jar" />
    <property name="ant.version" value="Apache Ant(TM) version 1.9.3 compiled on December 23 2013" />
    <property name="ws.jars" value="C:\Users\Sandhya/.m2/repository/" />
    <property name="ant.file.type.Junit_DataDriven" value="file" />
    <property name="java.vm.specification.name" value="Java Virtual Machine Specification" />
    <property name="ant.file.type" value="file" />
    <property name="java.vm.specification.version" value="1.8" />
    <property name="sun.cpu.endian" value="little" />
    <property name="sun.os.patch.level" value="" />
    <property name="java.io.tmpdir" value="C:\Users\Sandhya\AppData\Local\Temp\" />
    <property name="test.src" value="C:\maven\MyMavenProject/src" />
    <property name="java.vendor.url.bug" value="http://bugreport.sun.com/bugreport/" />
    <property name="os.arch" value="amd64" />
    <property name="java.awt.graphicsenv" value="sun.awt.Win32GraphicsEnvironment" />
    <property name="java.ext.dirs" value="C:\Program Files\Java\jdk1.8.0_66\jre\lib\ext;C:\WINDOWS\Sun\Java\lib\ext" />
    <property name="user.dir" value="C:\maven\MyMavenProject" />
    <property name="line.separator" value="
" />
    <property name="java.vm.name" value="Java HotSpot(TM) 64-Bit Server VM" />
    <property name="ANT" value="${env.ANT_HOME}/bin/ant.bat" />
    <property name="basedir" value="C:\maven\MyMavenProject" />
    <property name="ant.java.version" value="1.8" />
    <property name="ant.core.lib" value="C:\apache-ant-1.9.3\lib\ant.jar" />
    <property name="file.encoding" value="Cp1252" />
    <property name="java.specification.version" value="1.8" />
    <property name="ant.project.invoked-targets" value="clean,compile,run" />
  </properties>
  <testcase classname="com.testing.YahooTest" name="testYahoo" time="31.93" />
  <system-out><![CDATA[]]></system-out>
  <system-err><![CDATA[]]></system-err>
</testsuite>
